<?xml version="1.0" encoding="UTF-8"?>
<!-- Generated by org.testng.reporters.JUnitXMLReporter -->
<testsuite hostname="ASD-smirnova" ignored="0" name="CriticalPath" tests="6" failures="0" timestamp="05 апр 2018 10:21:18 GMT" time="0.004" errors="0">
  <testcase name="method1" time="0.0" classname="company.SmokeTest"/>
  <testcase name="method2" time="0.0" classname="company.SmokeTest"/>
  <testcase name="method3" time="0.0" classname="company.SmokeTest"/>
  <testcase name="errorMethod" time="0.0" classname="company.SmokeTest"/>
  <testcase name="dependOnMethod1" time="0.0" classname="company.SmokeTest"/>
  <testcase name="dependsOnGroup1" time="0.0" classname="company.SmokeTest"/>
</testsuite> <!-- CriticalPath -->
