<?xml version="1.0" encoding="UTF-8"?>
<testsuite xmlns:xsi="http://www.w3.org/2001/XMLSchema-instance" xsi:noNamespaceSchemaLocation="https://maven.apache.org/surefire/maven-surefire-plugin/xsd/surefire-test-report.xsd" name="TestSuite" time="0.924" tests="18" errors="0" skipped="0" failures="1">
  <properties>
[...]
</properties>
  <testcase name="test2" classname="company.SmokeTest" time="0.001"/>
  <testcase name="checkThreads" classname="company.SmokeTest" time="0"/>
  <testcase name="checkThreads" classname="company.SmokeTest" time="0.001"/>
  <testcase name="checkThreads" classname="company.SmokeTest" time="0.001"/>
  <testcase name="checkThreads" classname="company.SmokeTest" time="0"/>
  <testcase name="checkThreads" classname="company.SmokeTest" time="0"/>
  <testcase name="checkThreads" classname="company.SmokeTest" time="0"/>
  <testcase name="checkThreads" classname="company.SmokeTest" time="0"/>
  <testcase name="checkThreads" classname="company.SmokeTest" time="0"/>
  <testcase name="checkThreads" classname="company.SmokeTest" time="0.001"/>
  <testcase name="checkThreads" classname="company.SmokeTest" time="0"/>
  <testcase name="test1" classname="company.SmokeTest" time="0.001">
    <failure message="expected [3] but found [2]" type="java.lang.AssertionError">java.lang.AssertionError: expected [3] but found [2]
	at company.SmokeTest.test1(SmokeTest.java:54)
</failure>
  </testcase>
  <testcase name="method1" classname="company.SmokeTest" time="0"/>
  <testcase name="method2" classname="company.SmokeTest" time="0"/>
  <testcase name="method3" classname="company.SmokeTest" time="0"/>
  <testcase name="errorMethod" classname="company.SmokeTest" time="0"/>
  <testcase name="dependOnMethod1" classname="company.SmokeTest" time="0"/>
  <testcase name="dependsOnGroup1" classname="company.SmokeTest" time="0"/>
</testsuite>