-------------------------------------------------------------------------------
Test set: TestSuite
-------------------------------------------------------------------------------
Tests run: 18, Failures: 1, Errors: 0, Skipped: 0, Time elapsed: 0.924 s <<< FAILURE! - in TestSuite
test1(company.SmokeTest)  Time elapsed: 0.001 s  <<< FAILURE!
java.lang.AssertionError: expected [3] but found [2]
	at company.SmokeTest.test1(SmokeTest.java:54)

