<?xml version="1.0" encoding="UTF-8"?>
<testsuite xmlns:xsi="http://www.w3.org/2001/XMLSchema-instance" xsi:noNamespaceSchemaLocation="https://maven.apache.org/surefire/maven-surefire-plugin/xsd/surefire-test-report.xsd" name="TestSuite" time="43.29" tests="20" errors="0" skipped="0" failures="3">
  <properties>
[...]
</properties>
  <testcase name="test2" classname="company.SmokeTest" time="0.006"/>
  <testcase name="selWebDriver1" classname="WebDriverTest" time="33.535">
    <failure message="Failed to interpret value as array&#10;Build info: version: &apos;3.11.0&apos;, revision: &apos;e59cfb3&apos;, time: &apos;2018-03-11T20:26:55.152Z&apos;&#10;System info: host: &apos;ASD-SMIRNOVA&apos;, ip: &apos;192.168.12.35&apos;, os.name: &apos;Windows 7&apos;, os.arch: &apos;amd64&apos;, os.version: &apos;6.1&apos;, java.version: &apos;1.8.0_161&apos;&#10;Driver info: org.openqa.selenium.firefox.FirefoxDriver&#10;Capabilities {acceptInsecureCerts: true, browserName: firefox, browserVersion: 59.0.3, javascriptEnabled: true, moz:accessibilityChecks: false, moz:headless: false, moz:processID: 8712, moz:profile: C:\Users\dakyko.alexander\A..., moz:useNonSpecCompliantPointerOrigin: false, moz:webdriverClick: true, pageLoadStrategy: normal, platform: XP, platformName: XP, platformVersion: 6.1, rotatable: false, timeouts: {implicit: 0, pageLoad: 300000, script: 30000}}&#10;Session ID: 86b24309-1e43-4565-bd6e-f0f4b91a6c21&#10;*** Element info: {Using=css selector, value=.b-datalist_letters_to &gt; div:nth-child(2) &gt; div:nth-child(2) &gt; div:nth-child(1) &gt; a:nth-child(1) &gt; div:nth-child(4) &gt; div:nth-child(3) &gt; div:nth-child(2)}" type="org.openqa.selenium.WebDriverException">org.openqa.selenium.WebDriverException: 
Failed to interpret value as array
Build info: version: '3.11.0', revision: 'e59cfb3', time: '2018-03-11T20:26:55.152Z'
System info: host: 'ASD-SMIRNOVA', ip: '192.168.12.35', os.name: 'Windows 7', os.arch: 'amd64', os.version: '6.1', java.version: '1.8.0_161'
Driver info: org.openqa.selenium.firefox.FirefoxDriver
Capabilities {acceptInsecureCerts: true, browserName: firefox, browserVersion: 59.0.3, javascriptEnabled: true, moz:accessibilityChecks: false, moz:headless: false, moz:processID: 8712, moz:profile: C:\Users\dakyko.alexander\A..., moz:useNonSpecCompliantPointerOrigin: false, moz:webdriverClick: true, pageLoadStrategy: normal, platform: XP, platformName: XP, platformVersion: 6.1, rotatable: false, timeouts: {implicit: 0, pageLoad: 300000, script: 30000}}
Session ID: 86b24309-1e43-4565-bd6e-f0f4b91a6c21
*** Element info: {Using=css selector, value=.b-datalist_letters_to > div:nth-child(2) > div:nth-child(2) > div:nth-child(1) > a:nth-child(1) > div:nth-child(4) > div:nth-child(3) > div:nth-child(2)}
	at WebDriverTest.selWebDriver1(WebDriverTest.java:69)
</failure>
    <system-err><![CDATA[1526453374763	geckodriver	INFO	geckodriver 0.20.1
1526453374778	geckodriver	INFO	Listening on 127.0.0.1:13679
1526453375397	mozrunner::runner	INFO	Running command: "C:\\Program Files\\Mozilla Firefox\\firefox.exe" "-marionette" "-profile" "C:\\Users\\DAKYKO~1.ALE\\AppData\\Local\\Temp\\rust_mozprofile.eNgqofmX4ngl"
1526453378902	Marionette	INFO	Enabled via --marionette
1526453381266	Marionette	INFO	Listening on port 50631
1526453381618	Marionette	WARN	TLS certificate errors will be ignored for this session
мая 16, 2018 8:49:41 AM org.openqa.selenium.remote.ProtocolHandshake createSession
INFO: Detected dialect: W3C
Unable to read VR Path Registry from C:\Users\dakyko.alexander\AppData\Local\openvr\openvrpaths.vrpath
JavaScript warning: https://js.imgsmail.ru/mail/e/utf/ts/1525779390/ru_RU/images/js/ru/build/Compose.js, line 1: unreachable code after return statement
JavaScript warning: https://js.imgsmail.ru/mail/e/utf/ts/1525779390/ru_RU/images/js/ru/build/Compose.js, line 1: unreachable code after return statement
JavaScript warning: https://js.imgsmail.ru/mail/e/utf/ts/1525779390/ru_RU/images/js/ru/build/Compose.js, line 1: unreachable code after return statement
JavaScript warning: https://js.imgsmail.ru/mail/e/utf/ts/1525779390/ru_RU/images/js/ru/build/Compose.js, line 1: unreachable code after return statement
мая 16, 2018 8:50:15 AM org.openqa.selenium.support.ui.ExpectedConditions findElement
WARNING: WebDriverException thrown by findElement(By.cssSelector: .b-datalist_letters_to > div:nth-child(2) > div:nth-child(2) > div:nth-child(1) > a:nth-child(1) > div:nth-child(4) > div:nth-child(3) > div:nth-child(2))
org.openqa.selenium.WebDriverException: Failed to interpret value as array
Build info: version: '3.11.0', revision: 'e59cfb3', time: '2018-03-11T20:26:55.152Z'
System info: host: 'ASD-SMIRNOVA', ip: '192.168.12.35', os.name: 'Windows 7', os.arch: 'amd64', os.version: '6.1', java.version: '1.8.0_161'
Driver info: org.openqa.selenium.firefox.FirefoxDriver
Capabilities {acceptInsecureCerts: true, browserName: firefox, browserVersion: 59.0.3, javascriptEnabled: true, moz:accessibilityChecks: false, moz:headless: false, moz:processID: 8712, moz:profile: C:\Users\dakyko.alexander\A..., moz:useNonSpecCompliantPointerOrigin: false, moz:webdriverClick: true, pageLoadStrategy: normal, platform: XP, platformName: XP, platformVersion: 6.1, rotatable: false, timeouts: {implicit: 0, pageLoad: 300000, script: 30000}}
Session ID: 86b24309-1e43-4565-bd6e-f0f4b91a6c21
*** Element info: {Using=css selector, value=.b-datalist_letters_to > div:nth-child(2) > div:nth-child(2) > div:nth-child(1) > a:nth-child(1) > div:nth-child(4) > div:nth-child(3) > div:nth-child(2)}
	at sun.reflect.NativeConstructorAccessorImpl.newInstance0(Native Method)
	at sun.reflect.NativeConstructorAccessorImpl.newInstance(NativeConstructorAccessorImpl.java:62)
	at sun.reflect.DelegatingConstructorAccessorImpl.newInstance(DelegatingConstructorAccessorImpl.java:45)
	at java.lang.reflect.Constructor.newInstance(Constructor.java:423)
	at org.openqa.selenium.remote.http.W3CHttpResponseCodec.createException(W3CHttpResponseCodec.java:187)
	at org.openqa.selenium.remote.http.W3CHttpResponseCodec.decode(W3CHttpResponseCodec.java:122)
	at org.openqa.selenium.remote.http.W3CHttpResponseCodec.decode(W3CHttpResponseCodec.java:49)
	at org.openqa.selenium.remote.HttpCommandExecutor.execute(HttpCommandExecutor.java:158)
	at org.openqa.selenium.remote.service.DriverCommandExecutor.execute(DriverCommandExecutor.java:83)
	at org.openqa.selenium.remote.RemoteWebDriver.execute(RemoteWebDriver.java:545)
	at org.openqa.selenium.remote.RemoteWebDriver.findElements(RemoteWebDriver.java:346)
	at org.openqa.selenium.remote.RemoteWebDriver.findElementsByCssSelector(RemoteWebDriver.java:417)
	at org.openqa.selenium.By$ByCssSelector.findElements(By.java:441)
	at org.openqa.selenium.remote.RemoteWebDriver.findElements(RemoteWebDriver.java:307)
	at org.openqa.selenium.support.ui.ExpectedConditions.findElement(ExpectedConditions.java:895)
	at org.openqa.selenium.support.ui.ExpectedConditions.access$000(ExpectedConditions.java:44)
	at org.openqa.selenium.support.ui.ExpectedConditions$7.apply(ExpectedConditions.java:206)
	at org.openqa.selenium.support.ui.ExpectedConditions$7.apply(ExpectedConditions.java:202)
	at org.openqa.selenium.support.ui.ExpectedConditions$22.apply(ExpectedConditions.java:657)
	at org.openqa.selenium.support.ui.ExpectedConditions$22.apply(ExpectedConditions.java:654)
	at org.openqa.selenium.support.ui.FluentWait.until(FluentWait.java:248)
	at WebDriverTest.selWebDriver1(WebDriverTest.java:69)
	at sun.reflect.NativeMethodAccessorImpl.invoke0(Native Method)
	at sun.reflect.NativeMethodAccessorImpl.invoke(NativeMethodAccessorImpl.java:62)
	at sun.reflect.DelegatingMethodAccessorImpl.invoke(DelegatingMethodAccessorImpl.java:43)
	at java.lang.reflect.Method.invoke(Method.java:498)
	at org.testng.internal.MethodInvocationHelper.invokeMethod(MethodInvocationHelper.java:124)
	at org.testng.internal.Invoker.invokeMethod(Invoker.java:580)
	at org.testng.internal.Invoker.invokeTestMethod(Invoker.java:716)
	at org.testng.internal.Invoker.invokeTestMethods(Invoker.java:988)
	at org.testng.internal.TestMethodWorker.invokeTestMethods(TestMethodWorker.java:125)
	at org.testng.internal.TestMethodWorker.run(TestMethodWorker.java:109)
	at org.testng.TestRunner.privateRun(TestRunner.java:648)
	at org.testng.TestRunner.run(TestRunner.java:505)
	at org.testng.SuiteRunner.runTest(SuiteRunner.java:455)
	at org.testng.SuiteRunner.runSequentially(SuiteRunner.java:450)
	at org.testng.SuiteRunner.privateRun(SuiteRunner.java:415)
	at org.testng.SuiteRunner.run(SuiteRunner.java:364)
	at org.testng.SuiteRunnerWorker.runSuite(SuiteRunnerWorker.java:52)
	at org.testng.SuiteRunnerWorker.run(SuiteRunnerWorker.java:84)
	at org.testng.TestNG.runSuitesSequentially(TestNG.java:1208)
	at org.testng.TestNG.runSuitesLocally(TestNG.java:1137)
	at org.testng.TestNG.runSuites(TestNG.java:1049)
	at org.testng.TestNG.run(TestNG.java:1017)
	at org.apache.maven.surefire.testng.TestNGExecutor.run(TestNGExecutor.java:135)
	at org.apache.maven.surefire.testng.TestNGDirectoryTestSuite.executeMulti(TestNGDirectoryTestSuite.java:193)
	at org.apache.maven.surefire.testng.TestNGDirectoryTestSuite.execute(TestNGDirectoryTestSuite.java:94)
	at org.apache.maven.surefire.testng.TestNGProvider.invoke(TestNGProvider.java:146)
	at org.apache.maven.surefire.booter.ForkedBooter.invokeProviderInSameClassLoader(ForkedBooter.java:379)
	at org.apache.maven.surefire.booter.ForkedBooter.runSuitesInProcess(ForkedBooter.java:340)
	at org.apache.maven.surefire.booter.ForkedBooter.execute(ForkedBooter.java:125)
	at org.apache.maven.surefire.booter.ForkedBooter.main(ForkedBooter.java:413)

]]></system-err>
  </testcase>
  <testcase name="tearDown" classname="WebDriverTest" time="35.002">
    <failure message="Failed to decode response from marionette&#10;Build info: version: &apos;3.11.0&apos;, revision: &apos;e59cfb3&apos;, time: &apos;2018-03-11T20:26:55.152Z&apos;&#10;System info: host: &apos;ASD-SMIRNOVA&apos;, ip: &apos;192.168.12.35&apos;, os.name: &apos;Windows 7&apos;, os.arch: &apos;amd64&apos;, os.version: &apos;6.1&apos;, java.version: &apos;1.8.0_161&apos;&#10;Driver info: org.openqa.selenium.firefox.FirefoxDriver&#10;Capabilities {acceptInsecureCerts: true, browserName: firefox, browserVersion: 59.0.3, javascriptEnabled: true, moz:accessibilityChecks: false, moz:headless: false, moz:processID: 8712, moz:profile: C:\Users\dakyko.alexander\A..., moz:useNonSpecCompliantPointerOrigin: false, moz:webdriverClick: true, pageLoadStrategy: normal, platform: XP, platformName: XP, platformVersion: 6.1, rotatable: false, timeouts: {implicit: 0, pageLoad: 300000, script: 30000}}&#10;Session ID: 86b24309-1e43-4565-bd6e-f0f4b91a6c21" type="org.openqa.selenium.WebDriverException">org.openqa.selenium.WebDriverException: 
Failed to decode response from marionette
Build info: version: '3.11.0', revision: 'e59cfb3', time: '2018-03-11T20:26:55.152Z'
System info: host: 'ASD-SMIRNOVA', ip: '192.168.12.35', os.name: 'Windows 7', os.arch: 'amd64', os.version: '6.1', java.version: '1.8.0_161'
Driver info: org.openqa.selenium.firefox.FirefoxDriver
Capabilities {acceptInsecureCerts: true, browserName: firefox, browserVersion: 59.0.3, javascriptEnabled: true, moz:accessibilityChecks: false, moz:headless: false, moz:processID: 8712, moz:profile: C:\Users\dakyko.alexander\A..., moz:useNonSpecCompliantPointerOrigin: false, moz:webdriverClick: true, pageLoadStrategy: normal, platform: XP, platformName: XP, platformVersion: 6.1, rotatable: false, timeouts: {implicit: 0, pageLoad: 300000, script: 30000}}
Session ID: 86b24309-1e43-4565-bd6e-f0f4b91a6c21
	at WebDriverTest.tearDown(WebDriverTest.java:91)
</failure>
    <system-err><![CDATA[Unable to read VR Path Registry from C:\Users\dakyko.alexander\AppData\Local\openvr\openvrpaths.vrpath
[Child 8572, Chrome_ChildThread] WARNING: pipe error: 109: file z:/build/build/src/ipc/chromium/src/chrome/common/ipc_channel_win.cc, line 346
[Child 8572, Chrome_ChildThread] WARNING: pipe error: 109: file z:/build/build/src/ipc/chromium/src/chrome/common/ipc_channel_win.cc, line 346
[Child 7368, Chrome_ChildThread] WARNING: pipe error: 109: file z:/build/build/src/ipc/chromium/src/chrome/common/ipc_channel_win.cc, line 346
[Child 7368, Chrome_ChildThread] WARNING: pipe error: 109: file z:/build/build/src/ipc/chromium/src/chrome/common/ipc_channel_win.cc, line 346
Unable to read VR Path Registry from C:\Users\dakyko.alexander\AppData\Local\openvr\openvrpaths.vrpath
[Child 9540, Chrome_ChildThread] WARNING: pipe error: 109: file z:/build/build/src/ipc/chromium/src/chrome/common/ipc_channel_win.cc, line 346
*** UTM:SVC TimerManager:registerTimer called after profile-before-change notification. Ignoring timer registration for id: telemetry_modules_ping
Unable to read VR Path Registry from C:\Users\dakyko.alexander\AppData\Local\openvr\openvrpaths.vrpath
]]></system-err>
  </testcase>
  <testcase name="checkThreads" classname="company.SmokeTest" time="0.001"/>
  <testcase name="checkThreads" classname="company.SmokeTest" time="0"/>
  <testcase name="checkThreads" classname="company.SmokeTest" time="0"/>
  <testcase name="checkThreads" classname="company.SmokeTest" time="0"/>
  <testcase name="checkThreads" classname="company.SmokeTest" time="0"/>
  <testcase name="checkThreads" classname="company.SmokeTest" time="0"/>
  <testcase name="checkThreads" classname="company.SmokeTest" time="0"/>
  <testcase name="checkThreads" classname="company.SmokeTest" time="0"/>
  <testcase name="checkThreads" classname="company.SmokeTest" time="0"/>
  <testcase name="checkThreads" classname="company.SmokeTest" time="0"/>
  <testcase name="test1" classname="company.SmokeTest" time="0.001">
    <failure message="expected [3] but found [2]" type="java.lang.AssertionError">java.lang.AssertionError: expected [3] but found [2]
	at company.SmokeTest.test1(SmokeTest.java:59)
</failure>
    <system-out><![CDATA[RESULT 222
]]></system-out>
  </testcase>
  <testcase name="method1" classname="company.SmokeTest" time="0"/>
  <testcase name="method2" classname="company.SmokeTest" time="0"/>
  <testcase name="method3" classname="company.SmokeTest" time="0"/>
  <testcase name="errorMethod" classname="company.SmokeTest" time="0"/>
  <testcase name="dependOnMethod1" classname="company.SmokeTest" time="0"/>
  <testcase name="dependsOnGroup1" classname="company.SmokeTest" time="0"/>
</testsuite>